2023-08-14 14:01:47.384 [info] Extension host with pid 8808 started
2023-08-14 14:01:47.506 [info] ExtensionService#_doActivateExtension vscode.git-base, startup: true, activationEvent: '*', root cause: vscode.git
2023-08-14 14:01:47.541 [info] ExtensionService#_doActivateExtension vscode.git, startup: true, activationEvent: '*'
2023-08-14 14:01:47.724 [info] ExtensionService#_doActivateExtension vscode.github, startup: true, activationEvent: '*'
2023-08-14 14:01:47.872 [info] Eager extensions activated
2023-08-14 14:01:47.968 [info] ExtensionService#_doActivateExtension vscode.debug-auto-launch, startup: false, activationEvent: 'onStartupFinished'
2023-08-14 14:01:47.971 [info] ExtensionService#_doActivateExtension vscode.merge-conflict, startup: false, activationEvent: 'onStartupFinished'
2023-08-14 14:01:48.286 [info] ExtensionService#_doActivateExtension vscode.github-authentication, startup: false, activationEvent: 'onAuthenticationRequest:github'
2023-08-14 14:01:48.384 [info] ExtensionService#_doActivateExtension vscode.microsoft-authentication, startup: false, activationEvent: 'onAuthenticationRequest:microsoft'
2023-08-14 14:03:02.039 [info] Extension host terminating: renderer closed the MessagePort
2023-08-14 14:03:02.046 [info] Extension host with pid 8808 exiting with code 0
2023-08-14 14:03:04.128 [info] Extension host with pid 8919 started
2023-08-14 14:03:04.128 [info] Skipping acquiring lock for /home/ubuntu/.config/Code/User/workspaceStorage/81ffefd575463221d1f812e613b16b36.
2023-08-14 14:03:04.419 [info] ExtensionService#_doActivateExtension vscode.git-base, startup: true, activationEvent: '*'
2023-08-14 14:03:04.639 [info] ExtensionService#_doActivateExtension vscode.github, startup: true, activationEvent: '*'
2023-08-14 14:03:04.684 [info] Eager extensions activated
2023-08-14 14:03:04.697 [info] ExtensionService#_doActivateExtension vscode.debug-auto-launch, startup: false, activationEvent: 'onStartupFinished'
2023-08-14 14:03:04.699 [info] ExtensionService#_doActivateExtension vscode.merge-conflict, startup: false, activationEvent: 'onStartupFinished'
2023-08-14 14:03:04.954 [info] ExtensionService#_doActivateExtension vscode.github-authentication, startup: false, activationEvent: 'onAuthenticationRequest:github'
2023-08-14 14:03:05.101 [info] ExtensionService#_doActivateExtension vscode.microsoft-authentication, startup: false, activationEvent: 'onAuthenticationRequest:microsoft'
2023-08-14 14:03:08.980 [info] ExtensionService#_doActivateExtension vscode.git, startup: false, activationEvent: 'api', root cause: vscode.github
2023-08-14 14:04:15.427 [info] Extension host terminating: renderer closed the MessagePort
2023-08-14 14:04:15.435 [info] Extension host with pid 8919 exiting with code 0
