2023-08-17 17:32:38.941 [info] Extension host with pid 5913 started
2023-08-17 17:32:38.941 [info] Skipping acquiring lock for /home/ubuntu/.config/Code/User/workspaceStorage/81ffefd575463221d1f812e613b16b36.
2023-08-17 17:32:39.428 [info] ExtensionService#_doActivateExtension vscode.emmet, startup: false, activationEvent: 'onLanguage'
2023-08-17 17:32:39.490 [info] ExtensionService#_doActivateExtension vscode.typescript-language-features, startup: false, activationEvent: 'onLanguage:javascript'
2023-08-17 17:32:40.911 [info] ExtensionService#_doActivateExtension vscode.git-base, startup: true, activationEvent: '*', root cause: vscode.git
2023-08-17 17:32:40.915 [info] ExtensionService#_doActivateExtension vscode.npm, startup: true, activationEvent: 'workspaceContains:package.json'
2023-08-17 17:32:41.525 [info] ExtensionService#_doActivateExtension vscode.git, startup: true, activationEvent: '*'
2023-08-17 17:32:41.705 [info] ExtensionService#_doActivateExtension vscode.github, startup: true, activationEvent: '*'
2023-08-17 17:32:43.595 [info] Eager extensions activated
2023-08-17 17:32:44.493 [info] ExtensionService#_doActivateExtension vscode.debug-auto-launch, startup: false, activationEvent: 'onStartupFinished'
2023-08-17 17:32:44.509 [info] ExtensionService#_doActivateExtension vscode.merge-conflict, startup: false, activationEvent: 'onStartupFinished'
2023-08-17 17:32:48.231 [info] ExtensionService#_doActivateExtension vscode.github-authentication, startup: false, activationEvent: 'onAuthenticationRequest:github'
2023-08-17 17:32:48.472 [info] ExtensionService#_doActivateExtension vscode.microsoft-authentication, startup: false, activationEvent: 'onAuthenticationRequest:microsoft'
2023-08-17 17:37:42.188 [warning] [Decorations] CAPPING events from decorations provider vscode.git 5551
2023-08-17 17:37:43.120 [warning] [Decorations] CAPPING events from decorations provider vscode.git 5551
2023-08-17 17:37:45.654 [warning] [Decorations] CAPPING events from decorations provider vscode.git 5551
2023-08-17 17:37:50.801 [warning] [Decorations] CAPPING events from decorations provider vscode.git 5551
2023-08-17 17:37:56.083 [warning] [Decorations] CAPPING events from decorations provider vscode.git 5551
2023-08-17 17:38:01.403 [warning] [Decorations] CAPPING events from decorations provider vscode.git 5552
2023-08-17 17:38:06.561 [warning] [Decorations] CAPPING events from decorations provider vscode.git 5552
2023-08-17 17:38:11.735 [warning] [Decorations] CAPPING events from decorations provider vscode.git 5552
2023-08-17 17:38:16.897 [warning] [Decorations] CAPPING events from decorations provider vscode.git 5552
2023-08-17 17:38:22.087 [warning] [Decorations] CAPPING events from decorations provider vscode.git 5552
2023-08-17 17:38:27.298 [warning] [Decorations] CAPPING events from decorations provider vscode.git 5552
2023-08-17 17:38:32.470 [warning] [Decorations] CAPPING events from decorations provider vscode.git 5552
2023-08-17 17:38:37.711 [warning] [Decorations] CAPPING events from decorations provider vscode.git 5552
2023-08-17 17:38:42.883 [warning] [Decorations] CAPPING events from decorations provider vscode.git 5552
2023-08-17 17:38:48.072 [warning] [Decorations] CAPPING events from decorations provider vscode.git 5552
2023-08-17 17:38:53.218 [warning] [Decorations] CAPPING events from decorations provider vscode.git 5552
2023-08-17 17:38:58.414 [warning] [Decorations] CAPPING events from decorations provider vscode.git 5552
2023-08-17 17:39:03.568 [warning] [Decorations] CAPPING events from decorations provider vscode.git 5552
2023-08-17 17:39:08.757 [warning] [Decorations] CAPPING events from decorations provider vscode.git 5552
2023-08-17 17:39:13.907 [warning] [Decorations] CAPPING events from decorations provider vscode.git 5552
2023-08-17 17:39:19.064 [warning] [Decorations] CAPPING events from decorations provider vscode.git 5552
2023-08-17 17:39:24.246 [warning] [Decorations] CAPPING events from decorations provider vscode.git 5552
2023-08-17 17:39:29.396 [warning] [Decorations] CAPPING events from decorations provider vscode.git 5552
2023-08-17 17:39:34.586 [warning] [Decorations] CAPPING events from decorations provider vscode.git 5552
2023-08-17 17:39:39.725 [warning] [Decorations] CAPPING events from decorations provider vscode.git 5552
2023-08-17 17:39:44.911 [warning] [Decorations] CAPPING events from decorations provider vscode.git 5552
2023-08-17 17:39:50.057 [warning] [Decorations] CAPPING events from decorations provider vscode.git 5552
