0 verbose cli [ '/usr/bin/node', '/usr/bin/npm', 'install', 'nodemon' ]
1 info using npm@8.5.1
2 info using node@v12.22.9
3 timing npm:load:whichnode Completed in 0ms
4 timing config:load:defaults Completed in 1ms
5 timing config:load:file:/usr/share/nodejs/npm/npmrc Completed in 7ms
6 timing config:load:builtin Completed in 7ms
7 timing config:load:cli Completed in 1ms
8 timing config:load:env Completed in 0ms
9 timing config:load:project Completed in 1ms
10 timing config:load:file:/home/ubuntu/.npmrc Completed in 0ms
11 timing config:load:user Completed in 1ms
12 timing config:load:file:/etc/npmrc Completed in 0ms
13 timing config:load:global Completed in 0ms
14 timing config:load:validate Completed in 1ms
15 timing config:load:credentials Completed in 0ms
16 timing config:load:setEnvs Completed in 1ms
17 timing config:load Completed in 14ms
18 timing npm:load:configload Completed in 15ms
19 timing npm:load:setTitle Completed in 1ms
20 timing config:load:flatten Completed in 2ms
21 timing npm:load:display Completed in 4ms
22 verbose logfile /home/ubuntu/.npm/_logs/2023-08-16T03_47_26_240Z-debug-0.log
23 timing npm:load:logFile Completed in 5ms
24 timing npm:load:timers Completed in 0ms
25 timing npm:load:configScope Completed in 0ms
26 timing npm:load Completed in 26ms
27 timing arborist:ctor Completed in 1ms
28 timing idealTree:init Completed in 106ms
29 timing idealTree:userRequests Completed in 2ms
30 silly idealTree buildDeps
31 silly fetch manifest nodemon@*
32 timing arborist:ctor Completed in 0ms
33 http fetch GET 200 https://registry.npmjs.org/nodemon 289ms (cache miss)
34 silly placeDep ROOT nodemon@3.0.1 OK for:  want: *
35 silly fetch manifest chokidar@^3.5.2
36 silly fetch manifest debug@^3.2.7
37 silly fetch manifest ignore-by-default@^1.0.1
38 silly fetch manifest minimatch@^3.1.2
39 silly fetch manifest pstree.remy@^1.1.8
40 silly fetch manifest semver@^7.5.3
41 silly fetch manifest simple-update-notifier@^2.0.0
42 silly fetch manifest supports-color@^5.5.0
43 silly fetch manifest touch@^3.1.0
44 silly fetch manifest undefsafe@^2.0.5
45 http fetch GET 200 https://registry.npmjs.org/chokidar 145ms (cache miss)
46 http fetch GET 200 https://registry.npmjs.org/simple-update-notifier 197ms (cache miss)
47 http fetch GET 200 https://registry.npmjs.org/undefsafe 197ms (cache miss)
48 http fetch GET 200 https://registry.npmjs.org/ignore-by-default 211ms (cache miss)
49 http fetch GET 200 https://registry.npmjs.org/supports-color 222ms (cache miss)
50 http fetch GET 200 https://registry.npmjs.org/semver 256ms (cache miss)
51 http fetch GET 200 https://registry.npmjs.org/touch 264ms (cache miss)
52 http fetch GET 200 https://registry.npmjs.org/debug 273ms (cache miss)
53 http fetch GET 200 https://registry.npmjs.org/pstree.remy 292ms (cache miss)
54 http fetch GET 200 https://registry.npmjs.org/minimatch 298ms (cache miss)
55 timing idealTree:#root Completed in 610ms
56 silly placeDep ROOT chokidar@3.5.3 OK for: nodemon@3.0.1 want: ^3.5.2
57 silly placeDep node_modules/nodemon debug@3.2.7 OK for: nodemon@3.0.1 want: ^3.2.7
58 silly placeDep ROOT ignore-by-default@1.0.1 OK for: nodemon@3.0.1 want: ^1.0.1
59 silly placeDep ROOT minimatch@3.1.2 OK for: nodemon@3.0.1 want: ^3.1.2
60 silly placeDep ROOT pstree.remy@1.1.8 OK for: nodemon@3.0.1 want: ^1.1.8
61 silly placeDep ROOT semver@7.5.4 OK for: nodemon@3.0.1 want: ^7.5.3
62 silly placeDep ROOT simple-update-notifier@2.0.0 OK for: nodemon@3.0.1 want: ^2.0.0
63 silly placeDep ROOT supports-color@5.5.0 OK for: nodemon@3.0.1 want: ^5.5.0
64 silly placeDep ROOT touch@3.1.0 OK for: nodemon@3.0.1 want: ^3.1.0
65 silly placeDep ROOT undefsafe@2.0.5 OK for: nodemon@3.0.1 want: ^2.0.5
66 silly fetch manifest anymatch@~3.1.2
67 silly fetch manifest braces@~3.0.2
68 silly fetch manifest glob-parent@~5.1.2
69 silly fetch manifest is-binary-path@~2.1.0
70 silly fetch manifest is-glob@~4.0.1
71 silly fetch manifest normalize-path@~3.0.0
72 silly fetch manifest readdirp@~3.6.0
73 silly fetch manifest fsevents@~2.3.2
74 silly fetch manifest ms@^2.1.1
75 silly fetch manifest brace-expansion@^1.1.7
76 silly fetch manifest lru-cache@^6.0.0
77 silly fetch manifest has-flag@^3.0.0
78 silly fetch manifest nopt@~1.0.10
79 http fetch GET 200 https://registry.npmjs.org/is-glob 88ms (cache miss)
80 http fetch GET 200 https://registry.npmjs.org/anymatch 94ms (cache miss)
81 http fetch GET 200 https://registry.npmjs.org/glob-parent 101ms (cache miss)
82 http fetch GET 200 https://registry.npmjs.org/readdirp 171ms (cache miss)
83 http fetch GET 200 https://registry.npmjs.org/normalize-path 173ms (cache miss)
84 http fetch GET 200 https://registry.npmjs.org/braces 178ms (cache miss)
85 http fetch GET 200 https://registry.npmjs.org/ms 166ms (cache miss)
86 http fetch GET 200 https://registry.npmjs.org/is-binary-path 178ms (cache miss)
87 http fetch GET 200 https://registry.npmjs.org/brace-expansion 167ms (cache miss)
88 http fetch GET 200 https://registry.npmjs.org/fsevents 170ms (cache miss)
89 http fetch GET 200 https://registry.npmjs.org/has-flag 200ms (cache miss)
90 http fetch GET 200 https://registry.npmjs.org/nopt 202ms (cache miss)
91 http fetch GET 200 https://registry.npmjs.org/lru-cache 425ms (cache miss)
92 timing idealTree:node_modules/nodemon Completed in 462ms
93 silly placeDep ROOT anymatch@3.1.3 OK for: chokidar@3.5.3 want: ~3.1.2
94 silly placeDep ROOT braces@3.0.2 OK for: chokidar@3.5.3 want: ~3.0.2
95 silly placeDep ROOT fsevents@2.3.2 OK for: chokidar@3.5.3 want: ~2.3.2
96 silly placeDep ROOT glob-parent@5.1.2 OK for: chokidar@3.5.3 want: ~5.1.2
97 silly placeDep ROOT is-binary-path@2.1.0 OK for: chokidar@3.5.3 want: ~2.1.0
98 silly placeDep ROOT is-glob@4.0.3 OK for: chokidar@3.5.3 want: ~4.0.1
99 silly placeDep ROOT normalize-path@3.0.0 OK for: chokidar@3.5.3 want: ~3.0.0
100 silly placeDep ROOT readdirp@3.6.0 OK for: chokidar@3.5.3 want: ~3.6.0
101 silly fetch manifest picomatch@^2.0.4
102 silly fetch manifest fill-range@^7.0.1
103 silly fetch manifest binary-extensions@^2.0.0
104 silly fetch manifest is-extglob@^2.1.1
105 silly fetch manifest picomatch@^2.2.1
106 http fetch GET 200 https://registry.npmjs.org/is-extglob 64ms (cache miss)
107 http fetch GET 200 https://registry.npmjs.org/binary-extensions 66ms (cache miss)
108 http fetch GET 200 https://registry.npmjs.org/fill-range 68ms (cache miss)
109 http fetch GET 200 https://registry.npmjs.org/picomatch 71ms (cache miss)
110 timing idealTree:node_modules/chokidar Completed in 90ms
111 silly placeDep ROOT picomatch@2.3.1 OK for: anymatch@3.1.3 want: ^2.0.4
112 timing idealTree:node_modules/anymatch Completed in 1ms
113 silly placeDep ROOT fill-range@7.0.1 OK for: braces@3.0.2 want: ^7.0.1
114 silly fetch manifest to-regex-range@^5.0.1
115 http fetch GET 200 https://registry.npmjs.org/to-regex-range 44ms (cache miss)
116 timing idealTree:node_modules/braces Completed in 46ms
117 silly placeDep ROOT to-regex-range@5.0.1 OK for: fill-range@7.0.1 want: ^5.0.1
118 silly fetch manifest is-number@^7.0.0
119 http fetch GET 200 https://registry.npmjs.org/is-number 44ms (cache miss)
120 timing idealTree:node_modules/fill-range Completed in 47ms
121 timing idealTree:node_modules/fsevents Completed in 0ms
122 timing idealTree:node_modules/glob-parent Completed in 0ms
123 timing idealTree:node_modules/ignore-by-default Completed in 0ms
124 silly placeDep ROOT binary-extensions@2.2.0 OK for: is-binary-path@2.1.0 want: ^2.0.0
125 timing idealTree:node_modules/is-binary-path Completed in 2ms
126 timing idealTree:node_modules/binary-extensions Completed in 0ms
127 silly placeDep ROOT is-extglob@2.1.1 OK for: is-glob@4.0.3 want: ^2.1.1
128 timing idealTree:node_modules/is-glob Completed in 1ms
129 timing idealTree:node_modules/is-extglob Completed in 0ms
130 silly placeDep ROOT brace-expansion@1.1.11 OK for: minimatch@3.1.2 want: ^1.1.7
131 silly fetch manifest balanced-match@^1.0.0
132 silly fetch manifest concat-map@0.0.1
133 http fetch GET 200 https://registry.npmjs.org/balanced-match 52ms (cache miss)
134 http fetch GET 200 https://registry.npmjs.org/concat-map 53ms (cache miss)
135 timing idealTree:node_modules/minimatch Completed in 59ms
136 silly placeDep ROOT balanced-match@1.0.2 OK for: brace-expansion@1.1.11 want: ^1.0.0
137 silly placeDep ROOT concat-map@0.0.1 OK for: brace-expansion@1.1.11 want: 0.0.1
138 timing idealTree:node_modules/brace-expansion Completed in 2ms
139 timing idealTree:node_modules/balanced-match Completed in 0ms
140 timing idealTree:node_modules/concat-map Completed in 0ms
141 timing idealTree:node_modules/normalize-path Completed in 0ms
142 timing idealTree:node_modules/picomatch Completed in 0ms
143 timing idealTree:node_modules/pstree.remy Completed in 0ms
144 timing idealTree:node_modules/readdirp Completed in 0ms
145 silly placeDep ROOT lru-cache@6.0.0 OK for: semver@7.5.4 want: ^6.0.0
146 silly fetch manifest yallist@^4.0.0
147 http fetch GET 200 https://registry.npmjs.org/yallist 47ms (cache miss)
148 timing idealTree:node_modules/semver Completed in 56ms
149 silly placeDep ROOT yallist@4.0.0 OK for: lru-cache@6.0.0 want: ^4.0.0
150 timing idealTree:node_modules/lru-cache Completed in 6ms
151 timing idealTree:node_modules/simple-update-notifier Completed in 0ms
152 silly placeDep ROOT has-flag@3.0.0 OK for: supports-color@5.5.0 want: ^3.0.0
153 timing idealTree:node_modules/supports-color Completed in 1ms
154 timing idealTree:node_modules/has-flag Completed in 0ms
155 silly placeDep ROOT is-number@7.0.0 OK for: to-regex-range@5.0.1 want: ^7.0.0
156 timing idealTree:node_modules/to-regex-range Completed in 1ms
157 timing idealTree:node_modules/is-number Completed in 0ms
158 silly placeDep ROOT nopt@1.0.10 OK for: touch@3.1.0 want: ~1.0.10
159 silly fetch manifest abbrev@1
160 http fetch GET 200 https://registry.npmjs.org/abbrev 40ms (cache miss)
161 timing idealTree:node_modules/touch Completed in 43ms
162 silly placeDep ROOT abbrev@1.1.1 OK for: nopt@1.0.10 want: 1
163 timing idealTree:node_modules/nopt Completed in 1ms
164 timing idealTree:node_modules/abbrev Completed in 0ms
165 timing idealTree:node_modules/undefsafe Completed in 0ms
166 timing idealTree:node_modules/yallist Completed in 0ms
167 silly placeDep node_modules/nodemon ms@2.1.3 OK for: debug@3.2.7 want: ^2.1.1
168 timing idealTree:node_modules/nodemon/node_modules/debug Completed in 2ms
169 timing idealTree:node_modules/nodemon/node_modules/ms Completed in 0ms
170 timing idealTree:buildDeps Completed in 1438ms
171 timing idealTree:fixDepFlags Completed in 1ms
172 timing idealTree Completed in 1551ms
173 timing reify:loadTrees Completed in 1551ms
174 timing reify:diffTrees Completed in 3ms
175 silly reify moves {}
176 timing reify:retireShallow Completed in 1ms
177 timing reify:createSparse Completed in 25ms
178 timing reify:loadBundles Completed in 0ms
179 silly audit bulk request {
179 silly audit   accepts: [ '1.3.8' ],
179 silly audit   'array-flatten': [ '1.1.1' ],
179 silly audit   'body-parser': [ '1.20.1' ],
179 silly audit   bytes: [ '3.1.2' ],
179 silly audit   'call-bind': [ '1.0.2' ],
179 silly audit   'content-disposition': [ '0.5.4' ],
179 silly audit   'content-type': [ '1.0.5' ],
179 silly audit   cookie: [ '0.5.0' ],
179 silly audit   'cookie-signature': [ '1.0.6' ],
179 silly audit   debug: [ '2.6.9', '3.2.7' ],
179 silly audit   depd: [ '2.0.0' ],
179 silly audit   destroy: [ '1.2.0' ],
179 silly audit   'ee-first': [ '1.1.1' ],
179 silly audit   encodeurl: [ '1.0.2' ],
179 silly audit   'escape-html': [ '1.0.3' ],
179 silly audit   etag: [ '1.8.1' ],
179 silly audit   express: [ '4.18.2' ],
179 silly audit   finalhandler: [ '1.2.0' ],
179 silly audit   forwarded: [ '0.2.0' ],
179 silly audit   fresh: [ '0.5.2' ],
179 silly audit   'function-bind': [ '1.1.1' ],
179 silly audit   'get-intrinsic': [ '1.2.1' ],
179 silly audit   has: [ '1.0.3' ],
179 silly audit   'has-proto': [ '1.0.1' ],
179 silly audit   'has-symbols': [ '1.0.3' ],
179 silly audit   'http-errors': [ '2.0.0' ],
179 silly audit   'iconv-lite': [ '0.4.24' ],
179 silly audit   inherits: [ '2.0.4' ],
179 silly audit   'ipaddr.js': [ '1.9.1' ],
179 silly audit   'media-typer': [ '0.3.0' ],
179 silly audit   'merge-descriptors': [ '1.0.1' ],
179 silly audit   methods: [ '1.1.2' ],
179 silly audit   mime: [ '1.6.0' ],
179 silly audit   'mime-db': [ '1.52.0' ],
179 silly audit   'mime-types': [ '2.1.35' ],
179 silly audit   ms: [ '2.0.0', '2.1.3' ],
179 silly audit   negotiator: [ '0.6.3' ],
179 silly audit   nodejs: [ '0.0.0' ],
179 silly audit   'object-inspect': [ '1.12.3' ],
179 silly audit   'on-finished': [ '2.4.1' ],
179 silly audit   parseurl: [ '1.3.3' ],
179 silly audit   'path-to-regexp': [ '0.1.7' ],
179 silly audit   'proxy-addr': [ '2.0.7' ],
179 silly audit   qs: [ '6.11.0' ],
179 silly audit   'range-parser': [ '1.2.1' ],
179 silly audit   'raw-body': [ '2.5.1' ],
179 silly audit   'safe-buffer': [ '5.2.1' ],
179 silly audit   'safer-buffer': [ '2.1.2' ],
179 silly audit   send: [ '0.18.0' ],
179 silly audit   'serve-static': [ '1.15.0' ],
179 silly audit   setprototypeof: [ '1.2.0' ],
179 silly audit   'side-channel': [ '1.0.4' ],
179 silly audit   statuses: [ '2.0.1' ],
179 silly audit   toidentifier: [ '1.0.1' ],
179 silly audit   'type-is': [ '1.6.18' ],
179 silly audit   unpipe: [ '1.0.0' ],
179 silly audit   'utils-merge': [ '1.0.1' ],
179 silly audit   vary: [ '1.1.2' ],
179 silly audit   nodemon: [ '3.0.1' ],
179 silly audit   chokidar: [ '3.5.3' ],
179 silly audit   'ignore-by-default': [ '1.0.1' ],
179 silly audit   minimatch: [ '3.1.2' ],
179 silly audit   'pstree.remy': [ '1.1.8' ],
179 silly audit   semver: [ '7.5.4' ],
179 silly audit   'simple-update-notifier': [ '2.0.0' ],
179 silly audit   'supports-color': [ '5.5.0' ],
179 silly audit   touch: [ '3.1.0' ],
179 silly audit   undefsafe: [ '2.0.5' ],
179 silly audit   anymatch: [ '3.1.3' ],
179 silly audit   braces: [ '3.0.2' ],
179 silly audit   fsevents: [ '2.3.2' ],
179 silly audit   'glob-parent': [ '5.1.2' ],
179 silly audit   'is-binary-path': [ '2.1.0' ],
179 silly audit   'is-glob': [ '4.0.3' ],
179 silly audit   'normalize-path': [ '3.0.0' ],
179 silly audit   readdirp: [ '3.6.0' ],
179 silly audit   picomatch: [ '2.3.1' ],
179 silly audit   'fill-range': [ '7.0.1' ],
179 silly audit   'to-regex-range': [ '5.0.1' ],
179 silly audit   'binary-extensions': [ '2.2.0' ],
179 silly audit   'is-extglob': [ '2.1.1' ],
179 silly audit   'brace-expansion': [ '1.1.11' ],
179 silly audit   'balanced-match': [ '1.0.2' ],
179 silly audit   'concat-map': [ '0.0.1' ],
179 silly audit   'lru-cache': [ '6.0.0' ],
179 silly audit   yallist: [ '4.0.0' ],
179 silly audit   'has-flag': [ '3.0.0' ],
179 silly audit   'is-number': [ '7.0.0' ],
179 silly audit   nopt: [ '1.0.10' ],
179 silly audit   abbrev: [ '1.1.1' ]
179 silly audit }
180 verbose reify failed optional dependency /home/ubuntu/node_modules/fsevents
181 silly reify mark deleted [ '/home/ubuntu/node_modules/fsevents' ]
182 timing reifyNode:node_modules/fsevents Completed in 21ms
183 silly tarball no local data for abbrev@https://registry.npmjs.org/abbrev/-/abbrev-1.1.1.tgz. Extracting by manifest.
184 silly tarball no local data for nopt@https://registry.npmjs.org/nopt/-/nopt-1.0.10.tgz. Extracting by manifest.
185 silly tarball no local data for is-number@https://registry.npmjs.org/is-number/-/is-number-7.0.0.tgz. Extracting by manifest.
186 silly tarball no local data for has-flag@https://registry.npmjs.org/has-flag/-/has-flag-3.0.0.tgz. Extracting by manifest.
187 silly tarball no local data for yallist@https://registry.npmjs.org/yallist/-/yallist-4.0.0.tgz. Extracting by manifest.
188 silly tarball no local data for lru-cache@https://registry.npmjs.org/lru-cache/-/lru-cache-6.0.0.tgz. Extracting by manifest.
189 silly tarball no local data for concat-map@https://registry.npmjs.org/concat-map/-/concat-map-0.0.1.tgz. Extracting by manifest.
190 silly tarball no local data for balanced-match@https://registry.npmjs.org/balanced-match/-/balanced-match-1.0.2.tgz. Extracting by manifest.
191 silly tarball no local data for brace-expansion@https://registry.npmjs.org/brace-expansion/-/brace-expansion-1.1.11.tgz. Extracting by manifest.
192 silly tarball no local data for is-extglob@https://registry.npmjs.org/is-extglob/-/is-extglob-2.1.1.tgz. Extracting by manifest.
193 silly tarball no local data for binary-extensions@https://registry.npmjs.org/binary-extensions/-/binary-extensions-2.2.0.tgz. Extracting by manifest.
194 silly tarball no local data for to-regex-range@https://registry.npmjs.org/to-regex-range/-/to-regex-range-5.0.1.tgz. Extracting by manifest.
195 silly tarball no local data for fill-range@https://registry.npmjs.org/fill-range/-/fill-range-7.0.1.tgz. Extracting by manifest.
196 silly tarball no local data for picomatch@https://registry.npmjs.org/picomatch/-/picomatch-2.3.1.tgz. Extracting by manifest.
197 silly tarball no local data for readdirp@https://registry.npmjs.org/readdirp/-/readdirp-3.6.0.tgz. Extracting by manifest.
198 silly tarball no local data for normalize-path@https://registry.npmjs.org/normalize-path/-/normalize-path-3.0.0.tgz. Extracting by manifest.
199 silly tarball no local data for is-glob@https://registry.npmjs.org/is-glob/-/is-glob-4.0.3.tgz. Extracting by manifest.
200 silly tarball no local data for is-binary-path@https://registry.npmjs.org/is-binary-path/-/is-binary-path-2.1.0.tgz. Extracting by manifest.
201 silly tarball no local data for glob-parent@https://registry.npmjs.org/glob-parent/-/glob-parent-5.1.2.tgz. Extracting by manifest.
202 silly tarball no local data for braces@https://registry.npmjs.org/braces/-/braces-3.0.2.tgz. Extracting by manifest.
203 silly tarball no local data for anymatch@https://registry.npmjs.org/anymatch/-/anymatch-3.1.3.tgz. Extracting by manifest.
204 silly tarball no local data for undefsafe@https://registry.npmjs.org/undefsafe/-/undefsafe-2.0.5.tgz. Extracting by manifest.
205 silly tarball no local data for touch@https://registry.npmjs.org/touch/-/touch-3.1.0.tgz. Extracting by manifest.
206 silly tarball no local data for supports-color@https://registry.npmjs.org/supports-color/-/supports-color-5.5.0.tgz. Extracting by manifest.
207 silly tarball no local data for simple-update-notifier@https://registry.npmjs.org/simple-update-notifier/-/simple-update-notifier-2.0.0.tgz. Extracting by manifest.
208 silly tarball no local data for semver@https://registry.npmjs.org/semver/-/semver-7.5.4.tgz. Extracting by manifest.
209 silly tarball no local data for pstree.remy@https://registry.npmjs.org/pstree.remy/-/pstree.remy-1.1.8.tgz. Extracting by manifest.
210 silly tarball no local data for minimatch@https://registry.npmjs.org/minimatch/-/minimatch-3.1.2.tgz. Extracting by manifest.
211 silly tarball no local data for ignore-by-default@https://registry.npmjs.org/ignore-by-default/-/ignore-by-default-1.0.1.tgz. Extracting by manifest.
212 silly tarball no local data for chokidar@https://registry.npmjs.org/chokidar/-/chokidar-3.5.3.tgz. Extracting by manifest.
213 silly tarball no local data for nodemon@https://registry.npmjs.org/nodemon/-/nodemon-3.0.1.tgz. Extracting by manifest.
214 silly tarball no local data for debug@https://registry.npmjs.org/debug/-/debug-3.2.7.tgz. Extracting by manifest.
215 http fetch POST 200 https://registry.npmjs.org/-/npm/v1/security/advisories/bulk 563ms
216 timing auditReport:getReport Completed in 568ms
217 silly audit report {}
218 timing auditReport:init Completed in 0ms
219 timing reify:audit Completed in 569ms
220 timing reifyNode:node_modules/nodemon/node_modules/ms Completed in 590ms
221 http fetch GET 200 https://registry.npmjs.org/concat-map/-/concat-map-0.0.1.tgz 556ms (cache miss)
222 timing reifyNode:node_modules/concat-map Completed in 651ms
223 http fetch GET 200 https://registry.npmjs.org/balanced-match/-/balanced-match-1.0.2.tgz 544ms (cache miss)
224 timing reifyNode:node_modules/balanced-match Completed in 654ms
225 http fetch GET 200 https://registry.npmjs.org/binary-extensions/-/binary-extensions-2.2.0.tgz 504ms (cache miss)
226 timing reifyNode:node_modules/binary-extensions Completed in 656ms
227 http fetch GET 200 https://registry.npmjs.org/normalize-path/-/normalize-path-3.0.0.tgz 524ms (cache miss)
228 timing reifyNode:node_modules/normalize-path Completed in 702ms
229 http fetch GET 200 https://registry.npmjs.org/ignore-by-default/-/ignore-by-default-1.0.1.tgz 471ms (cache miss)
230 timing reifyNode:node_modules/ignore-by-default Completed in 724ms
231 http fetch GET 200 https://registry.npmjs.org/is-glob/-/is-glob-4.0.3.tgz 555ms (cache miss)
232 timing reifyNode:node_modules/is-glob Completed in 735ms
233 http fetch GET 200 https://registry.npmjs.org/has-flag/-/has-flag-3.0.0.tgz 674ms (cache miss)
234 timing reifyNode:node_modules/has-flag Completed in 748ms
235 http fetch GET 200 https://registry.npmjs.org/anymatch/-/anymatch-3.1.3.tgz 555ms (cache miss)
236 timing reifyNode:node_modules/anymatch Completed in 753ms
237 http fetch GET 200 https://registry.npmjs.org/is-number/-/is-number-7.0.0.tgz 697ms (cache miss)
238 timing reifyNode:node_modules/is-number Completed in 765ms
239 http fetch GET 200 https://registry.npmjs.org/to-regex-range/-/to-regex-range-5.0.1.tgz 620ms (cache miss)
240 timing reifyNode:node_modules/to-regex-range Completed in 776ms
241 http fetch GET 200 https://registry.npmjs.org/is-binary-path/-/is-binary-path-2.1.0.tgz 596ms (cache miss)
242 timing reifyNode:node_modules/is-binary-path Completed in 786ms
243 http fetch GET 200 https://registry.npmjs.org/is-extglob/-/is-extglob-2.1.1.tgz 646ms (cache miss)
244 timing reifyNode:node_modules/is-extglob Completed in 794ms
245 http fetch GET 200 https://registry.npmjs.org/undefsafe/-/undefsafe-2.0.5.tgz 587ms (cache miss)
246 timing reifyNode:node_modules/undefsafe Completed in 797ms
247 http fetch GET 200 https://registry.npmjs.org/abbrev/-/abbrev-1.1.1.tgz 787ms (cache miss)
248 timing reifyNode:node_modules/abbrev Completed in 837ms
249 http fetch GET 200 https://registry.npmjs.org/lru-cache/-/lru-cache-6.0.0.tgz 753ms (cache miss)
250 timing reifyNode:node_modules/lru-cache Completed in 842ms
251 http fetch GET 200 https://registry.npmjs.org/brace-expansion/-/brace-expansion-1.1.11.tgz 731ms (cache miss)
252 timing reifyNode:node_modules/brace-expansion Completed in 845ms
253 http fetch GET 200 https://registry.npmjs.org/yallist/-/yallist-4.0.0.tgz 778ms (cache miss)
254 timing reifyNode:node_modules/yallist Completed in 859ms
255 http fetch GET 200 https://registry.npmjs.org/nopt/-/nopt-1.0.10.tgz 809ms (cache miss)
256 timing reifyNode:node_modules/nopt Completed in 865ms
257 http fetch GET 200 https://registry.npmjs.org/readdirp/-/readdirp-3.6.0.tgz 698ms (cache miss)
258 timing reifyNode:node_modules/readdirp Completed in 872ms
259 http fetch GET 200 https://registry.npmjs.org/glob-parent/-/glob-parent-5.1.2.tgz 681ms (cache miss)
260 timing reifyNode:node_modules/glob-parent Completed in 870ms
261 http fetch GET 200 https://registry.npmjs.org/supports-color/-/supports-color-5.5.0.tgz 649ms (cache miss)
262 timing reifyNode:node_modules/supports-color Completed in 874ms
263 http fetch GET 200 https://registry.npmjs.org/touch/-/touch-3.1.0.tgz 672ms (cache miss)
264 timing reifyNode:node_modules/touch Completed in 885ms
265 http fetch GET 200 https://registry.npmjs.org/braces/-/braces-3.0.2.tgz 725ms (cache miss)
266 timing reifyNode:node_modules/braces Completed in 922ms
267 http fetch GET 200 https://registry.npmjs.org/fill-range/-/fill-range-7.0.1.tgz 771ms (cache miss)
268 timing reifyNode:node_modules/fill-range Completed in 931ms
269 http fetch GET 200 https://registry.npmjs.org/minimatch/-/minimatch-3.1.2.tgz 678ms (cache miss)
270 timing reifyNode:node_modules/minimatch Completed in 928ms
271 http fetch GET 200 https://registry.npmjs.org/debug/-/debug-3.2.7.tgz 665ms (cache miss)
272 timing reifyNode:node_modules/nodemon/node_modules/debug Completed in 933ms
273 http fetch GET 200 https://registry.npmjs.org/chokidar/-/chokidar-3.5.3.tgz 689ms (cache miss)
274 timing reifyNode:node_modules/chokidar Completed in 945ms
275 http fetch GET 200 https://registry.npmjs.org/pstree.remy/-/pstree.remy-1.1.8.tgz 704ms (cache miss)
276 timing reifyNode:node_modules/pstree.remy Completed in 949ms
277 http fetch GET 200 https://registry.npmjs.org/simple-update-notifier/-/simple-update-notifier-2.0.0.tgz 724ms (cache miss)
278 timing reifyNode:node_modules/simple-update-notifier Completed in 955ms
279 http fetch GET 200 https://registry.npmjs.org/picomatch/-/picomatch-2.3.1.tgz 810ms (cache miss)
280 timing reifyNode:node_modules/picomatch Completed in 977ms
281 http fetch GET 200 https://registry.npmjs.org/semver/-/semver-7.5.4.tgz 768ms (cache miss)
282 timing reifyNode:node_modules/semver Completed in 1009ms
283 http fetch GET 200 https://registry.npmjs.org/nodemon/-/nodemon-3.0.1.tgz 768ms (cache miss)
284 timing reifyNode:node_modules/nodemon Completed in 1032ms
285 timing reify:unpack Completed in 1040ms
286 timing reify:unretire Completed in 0ms
287 timing build:queue Completed in 10ms
288 timing build:link:node_modules/nodemon Completed in 8ms
289 timing build:link:node_modules/nopt Completed in 7ms
290 timing build:link:node_modules/semver Completed in 7ms
291 timing build:link:node_modules/touch Completed in 7ms
292 timing build:link Completed in 8ms
293 timing build:deps Completed in 20ms
294 timing build Completed in 20ms
295 timing reify:build Completed in 21ms
296 timing reify:trash Completed in 8ms
297 timing reify:save Completed in 63ms
298 timing reify Completed in 2788ms
299 silly ADD node_modules/abbrev
300 silly ADD node_modules/nopt
301 silly ADD node_modules/is-number
302 silly ADD node_modules/has-flag
303 silly ADD node_modules/yallist
304 silly ADD node_modules/lru-cache
305 silly ADD node_modules/concat-map
306 silly ADD node_modules/balanced-match
307 silly ADD node_modules/brace-expansion
308 silly ADD node_modules/is-extglob
309 silly ADD node_modules/binary-extensions
310 silly ADD node_modules/to-regex-range
311 silly ADD node_modules/fill-range
312 silly ADD node_modules/picomatch
313 silly ADD node_modules/readdirp
314 silly ADD node_modules/normalize-path
315 silly ADD node_modules/is-glob
316 silly ADD node_modules/is-binary-path
317 silly ADD node_modules/glob-parent
318 silly ADD
319 silly ADD node_modules/braces
320 silly ADD node_modules/anymatch
321 silly ADD node_modules/undefsafe
322 silly ADD node_modules/touch
323 silly ADD node_modules/supports-color
324 silly ADD node_modules/simple-update-notifier
325 silly ADD node_modules/semver
326 silly ADD node_modules/pstree.remy
327 silly ADD node_modules/minimatch
328 silly ADD node_modules/ignore-by-default
329 silly ADD node_modules/chokidar
330 silly ADD node_modules/nodemon
331 silly ADD node_modules/nodemon/node_modules/ms
332 silly ADD node_modules/nodemon/node_modules/debug
333 timing command:install Completed in 2812ms
334 verbose exit 0
335 timing npm Completed in 3032ms
336 info ok
