0 verbose cli [
0 verbose cli   '/usr/bin/node',
0 verbose cli   '/usr/bin/npm',
0 verbose cli   'install',
0 verbose cli   '--ignore-scripts',
0 verbose cli   'types-registry@latest'
0 verbose cli ]
1 info using npm@8.5.1
2 info using node@v12.22.9
3 timing npm:load:whichnode Completed in 0ms
4 timing config:load:defaults Completed in 1ms
5 timing config:load:file:/usr/share/nodejs/npm/npmrc Completed in 11ms
6 timing config:load:builtin Completed in 12ms
7 timing config:load:cli Completed in 4ms
8 timing config:load:env Completed in 1ms
9 timing config:load:file:/home/ubuntu/.cache/typescript/5.1/.npmrc Completed in 3ms
10 timing config:load:project Completed in 11ms
11 timing config:load:file:/home/ubuntu/.npmrc Completed in 1ms
12 timing config:load:user Completed in 3ms
13 timing config:load:file:/etc/npmrc Completed in 0ms
14 timing config:load:global Completed in 1ms
15 timing config:load:validate Completed in 1ms
16 timing config:load:credentials Completed in 6ms
17 timing config:load:setEnvs Completed in 20ms
18 timing config:load Completed in 64ms
19 timing npm:load:configload Completed in 64ms
20 timing npm:load:setTitle Completed in 7ms
21 timing config:load:flatten Completed in 3ms
22 timing npm:load:display Completed in 5ms
23 verbose logfile /home/ubuntu/.npm/_logs/2023-08-17T08_32_49_076Z-debug-0.log
24 timing npm:load:logFile Completed in 47ms
25 timing npm:load:timers Completed in 0ms
26 timing npm:load:configScope Completed in 0ms
27 timing npm:load Completed in 129ms
28 timing arborist:ctor Completed in 2ms
29 timing arborist:ctor Completed in 0ms
30 timing idealTree:init Completed in 33ms
31 timing idealTree Completed in 70151ms
32 timing command:install Completed in 70188ms
33 verbose type system
34 verbose stack FetchError: request to https://registry.npmjs.org/types-registry failed, reason: getaddrinfo EAI_AGAIN registry.npmjs.org
34 verbose stack     at ClientRequest.<anonymous> (/usr/share/nodejs/minipass-fetch/lib/index.js:110:14)
34 verbose stack     at ClientRequest.emit (events.js:314:20)
34 verbose stack     at TLSSocket.socketErrorListener (_http_client.js:427:9)
34 verbose stack     at TLSSocket.emit (events.js:326:22)
34 verbose stack     at emitErrorNT (internal/streams/destroy.js:92:8)
34 verbose stack     at emitErrorAndCloseNT (internal/streams/destroy.js:60:3)
34 verbose stack     at processTicksAndRejections (internal/process/task_queues.js:84:21)
35 verbose cwd /home/ubuntu/.cache/typescript/5.1
36 verbose Linux 6.2.0-26-generic
37 verbose argv "/usr/bin/node" "/usr/bin/npm" "install" "--ignore-scripts" "types-registry@latest"
38 verbose node v12.22.9
39 verbose npm  v8.5.1
40 error code EAI_AGAIN
41 error syscall getaddrinfo
42 error errno EAI_AGAIN
43 error request to https://registry.npmjs.org/types-registry failed, reason: getaddrinfo EAI_AGAIN registry.npmjs.org
44 verbose exit 1
45 timing npm Completed in 71674ms
46 verbose unfinished npm timer reify 1692261170564
47 verbose unfinished npm timer reify:loadTrees 1692261170592
48 verbose unfinished npm timer idealTree:userRequests 1692261170629
49 verbose code 1
50 error A complete log of this run can be found in:
50 error     /home/ubuntu/.npm/_logs/2023-08-17T08_32_49_076Z-debug-0.log
