0 verbose cli [ '/usr/bin/node', '/usr/bin/npm', 'install', 'nodejs' ]
1 info using npm@8.5.1
2 info using node@v12.22.9
3 timing npm:load:whichnode Completed in 1ms
4 timing config:load:defaults Completed in 1ms
5 timing config:load:file:/usr/share/nodejs/npm/npmrc Completed in 7ms
6 timing config:load:builtin Completed in 7ms
7 timing config:load:cli Completed in 1ms
8 timing config:load:env Completed in 0ms
9 timing config:load:project Completed in 2ms
10 timing config:load:file:/home/ubuntu/.npmrc Completed in 0ms
11 timing config:load:user Completed in 0ms
12 timing config:load:file:/etc/npmrc Completed in 0ms
13 timing config:load:global Completed in 0ms
14 timing config:load:validate Completed in 1ms
15 timing config:load:credentials Completed in 3ms
16 timing config:load:setEnvs Completed in 1ms
17 timing config:load Completed in 16ms
18 timing npm:load:configload Completed in 16ms
19 timing npm:load:setTitle Completed in 0ms
20 timing config:load:flatten Completed in 3ms
21 timing npm:load:display Completed in 5ms
22 verbose logfile /home/ubuntu/.npm/_logs/2023-08-16T03_43_58_466Z-debug-0.log
23 timing npm:load:logFile Completed in 9ms
24 timing npm:load:timers Completed in 1ms
25 timing npm:load:configScope Completed in 0ms
26 timing npm:load Completed in 32ms
27 timing arborist:ctor Completed in 1ms
28 timing arborist:ctor Completed in 0ms
29 timing idealTree:init Completed in 33ms
30 timing idealTree:userRequests Completed in 7ms
31 silly idealTree buildDeps
32 silly fetch manifest nodejs@*
33 http fetch GET 200 https://registry.npmjs.org/nodejs 783ms (cache miss)
34 silly placeDep ROOT nodejs@0.0.0 OK for:  want: *
35 timing idealTree:#root Completed in 795ms
36 timing idealTree:node_modules/nodejs Completed in 0ms
37 timing idealTree:buildDeps Completed in 806ms
38 timing idealTree:fixDepFlags Completed in 0ms
39 timing idealTree Completed in 850ms
40 timing reify:loadTrees Completed in 852ms
41 timing reify:diffTrees Completed in 1ms
42 silly reify moves {}
43 timing reify:retireShallow Completed in 1ms
44 timing reify:createSparse Completed in 3ms
45 timing reify:loadBundles Completed in 0ms
46 silly audit bulk request { nodejs: [ '0.0.0' ] }
47 silly tarball no local data for nodejs@https://registry.npmjs.org/nodejs/-/nodejs-0.0.0.tgz. Extracting by manifest.
48 http fetch GET 200 https://registry.npmjs.org/nodejs/-/nodejs-0.0.0.tgz 118ms (cache miss)
49 timing reifyNode:node_modules/nodejs Completed in 135ms
50 timing reify:unpack Completed in 136ms
51 timing reify:unretire Completed in 0ms
52 timing build:queue Completed in 3ms
53 timing build:deps Completed in 3ms
54 timing build Completed in 3ms
55 timing reify:build Completed in 6ms
56 timing reify:trash Completed in 0ms
57 timing reify:save Completed in 15ms
58 http fetch POST 200 https://registry.npmjs.org/-/npm/v1/security/advisories/bulk 191ms
59 timing auditReport:getReport Completed in 192ms
60 silly audit report {}
61 timing auditReport:init Completed in 0ms
62 timing reify:audit Completed in 193ms
63 timing reify Completed in 1100ms
64 silly ADD node_modules/nodejs
65 timing command:install Completed in 1112ms
66 verbose exit 0
67 timing npm Completed in 1481ms
68 info ok
