0 verbose cli [ '/usr/bin/node', '/usr/bin/npm', 'install', 'express' ]
1 info using npm@8.5.1
2 info using node@v12.22.9
3 timing npm:load:whichnode Completed in 0ms
4 timing config:load:defaults Completed in 2ms
5 timing config:load:file:/usr/share/nodejs/npm/npmrc Completed in 7ms
6 timing config:load:builtin Completed in 7ms
7 timing config:load:cli Completed in 1ms
8 timing config:load:env Completed in 1ms
9 timing config:load:project Completed in 2ms
10 timing config:load:file:/home/ubuntu/.npmrc Completed in 1ms
11 timing config:load:user Completed in 1ms
12 timing config:load:file:/etc/npmrc Completed in 0ms
13 timing config:load:global Completed in 0ms
14 timing config:load:validate Completed in 0ms
15 timing config:load:credentials Completed in 1ms
16 timing config:load:setEnvs Completed in 1ms
17 timing config:load Completed in 16ms
18 timing npm:load:configload Completed in 16ms
19 timing npm:load:setTitle Completed in 0ms
20 timing config:load:flatten Completed in 3ms
21 timing npm:load:display Completed in 4ms
22 verbose logfile /home/ubuntu/.npm/_logs/2023-08-16T03_44_11_970Z-debug-0.log
23 timing npm:load:logFile Completed in 9ms
24 timing npm:load:timers Completed in 0ms
25 timing npm:load:configScope Completed in 0ms
26 timing npm:load Completed in 29ms
27 timing arborist:ctor Completed in 1ms
28 timing idealTree:init Completed in 32ms
29 timing idealTree:userRequests Completed in 4ms
30 silly idealTree buildDeps
31 silly fetch manifest express@*
32 timing arborist:ctor Completed in 2ms
33 http fetch GET 200 https://registry.npmjs.org/express 255ms (cache miss)
34 silly placeDep ROOT express@4.18.2 OK for:  want: *
35 silly fetch manifest accepts@~1.3.8
36 silly fetch manifest array-flatten@1.1.1
37 silly fetch manifest body-parser@1.20.1
38 silly fetch manifest content-disposition@0.5.4
39 silly fetch manifest content-type@~1.0.4
40 silly fetch manifest cookie@0.5.0
41 silly fetch manifest cookie-signature@1.0.6
42 silly fetch manifest debug@2.6.9
43 silly fetch manifest depd@2.0.0
44 silly fetch manifest encodeurl@~1.0.2
45 silly fetch manifest escape-html@~1.0.3
46 silly fetch manifest etag@~1.8.1
47 silly fetch manifest finalhandler@1.2.0
48 silly fetch manifest fresh@0.5.2
49 silly fetch manifest http-errors@2.0.0
50 silly fetch manifest merge-descriptors@1.0.1
51 silly fetch manifest methods@~1.1.2
52 silly fetch manifest on-finished@2.4.1
53 silly fetch manifest parseurl@~1.3.3
54 silly fetch manifest path-to-regexp@0.1.7
55 silly fetch manifest proxy-addr@~2.0.7
56 silly fetch manifest qs@6.11.0
57 silly fetch manifest range-parser@~1.2.1
58 silly fetch manifest safe-buffer@5.2.1
59 silly fetch manifest send@0.18.0
60 silly fetch manifest serve-static@1.15.0
61 silly fetch manifest setprototypeof@1.2.0
62 silly fetch manifest statuses@2.0.1
63 silly fetch manifest type-is@~1.6.18
64 silly fetch manifest utils-merge@1.0.1
65 silly fetch manifest vary@~1.1.2
66 http fetch GET 200 https://registry.npmjs.org/accepts 184ms (cache miss)
67 http fetch GET 200 https://registry.npmjs.org/merge-descriptors 465ms (cache miss)
68 http fetch GET 200 https://registry.npmjs.org/array-flatten 504ms (cache miss)
69 http fetch GET 200 https://registry.npmjs.org/content-disposition 518ms (cache miss)
70 http fetch GET 200 https://registry.npmjs.org/cookie-signature 517ms (cache miss)
71 http fetch GET 200 https://registry.npmjs.org/depd 517ms (cache miss)
72 http fetch GET 200 https://registry.npmjs.org/cookie 522ms (cache miss)
73 http fetch GET 200 https://registry.npmjs.org/encodeurl 519ms (cache miss)
74 http fetch GET 200 https://registry.npmjs.org/escape-html 519ms (cache miss)
75 http fetch GET 200 https://registry.npmjs.org/serve-static 490ms (cache miss)
76 http fetch GET 200 https://registry.npmjs.org/methods 507ms (cache miss)
77 http fetch GET 200 https://registry.npmjs.org/body-parser 533ms (cache miss)
78 http fetch GET 200 https://registry.npmjs.org/debug 527ms (cache miss)
79 http fetch GET 200 https://registry.npmjs.org/fresh 518ms (cache miss)
80 http fetch GET 200 https://registry.npmjs.org/etag 522ms (cache miss)
81 http fetch GET 200 https://registry.npmjs.org/parseurl 502ms (cache miss)
82 http fetch GET 200 https://registry.npmjs.org/content-type 534ms (cache miss)
83 http fetch GET 200 https://registry.npmjs.org/path-to-regexp 502ms (cache miss)
84 http fetch GET 200 https://registry.npmjs.org/on-finished 511ms (cache miss)
85 http fetch GET 200 https://registry.npmjs.org/finalhandler 527ms (cache miss)
86 http fetch GET 200 https://registry.npmjs.org/proxy-addr 507ms (cache miss)
87 http fetch GET 200 https://registry.npmjs.org/send 504ms (cache miss)
88 http fetch GET 200 https://registry.npmjs.org/http-errors 526ms (cache miss)
89 http fetch GET 200 https://registry.npmjs.org/qs 508ms (cache miss)
90 http fetch GET 200 https://registry.npmjs.org/safe-buffer 507ms (cache miss)
91 http fetch GET 200 https://registry.npmjs.org/range-parser 509ms (cache miss)
92 http fetch GET 200 https://registry.npmjs.org/setprototypeof 507ms (cache miss)
93 http fetch GET 200 https://registry.npmjs.org/statuses 507ms (cache miss)
94 http fetch GET 200 https://registry.npmjs.org/utils-merge 506ms (cache miss)
95 http fetch GET 200 https://registry.npmjs.org/vary 505ms (cache miss)
96 http fetch GET 200 https://registry.npmjs.org/type-is 507ms (cache miss)
97 timing idealTree:#root Completed in 821ms
98 silly placeDep ROOT accepts@1.3.8 OK for: express@4.18.2 want: ~1.3.8
99 silly placeDep ROOT array-flatten@1.1.1 OK for: express@4.18.2 want: 1.1.1
100 silly placeDep ROOT body-parser@1.20.1 OK for: express@4.18.2 want: 1.20.1
101 silly placeDep ROOT content-disposition@0.5.4 OK for: express@4.18.2 want: 0.5.4
102 silly placeDep ROOT content-type@1.0.5 OK for: express@4.18.2 want: ~1.0.4
103 silly placeDep ROOT cookie@0.5.0 OK for: express@4.18.2 want: 0.5.0
104 silly placeDep ROOT cookie-signature@1.0.6 OK for: express@4.18.2 want: 1.0.6
105 silly placeDep ROOT debug@2.6.9 OK for: express@4.18.2 want: 2.6.9
106 silly placeDep ROOT depd@2.0.0 OK for: express@4.18.2 want: 2.0.0
107 silly placeDep ROOT encodeurl@1.0.2 OK for: express@4.18.2 want: ~1.0.2
108 silly placeDep ROOT escape-html@1.0.3 OK for: express@4.18.2 want: ~1.0.3
109 silly placeDep ROOT etag@1.8.1 OK for: express@4.18.2 want: ~1.8.1
110 silly placeDep ROOT finalhandler@1.2.0 OK for: express@4.18.2 want: 1.2.0
111 silly placeDep ROOT fresh@0.5.2 OK for: express@4.18.2 want: 0.5.2
112 silly placeDep ROOT http-errors@2.0.0 OK for: express@4.18.2 want: 2.0.0
113 silly placeDep ROOT merge-descriptors@1.0.1 OK for: express@4.18.2 want: 1.0.1
114 silly placeDep ROOT methods@1.1.2 OK for: express@4.18.2 want: ~1.1.2
115 silly placeDep ROOT on-finished@2.4.1 OK for: express@4.18.2 want: 2.4.1
116 silly placeDep ROOT parseurl@1.3.3 OK for: express@4.18.2 want: ~1.3.3
117 silly placeDep ROOT path-to-regexp@0.1.7 OK for: express@4.18.2 want: 0.1.7
118 silly placeDep ROOT proxy-addr@2.0.7 OK for: express@4.18.2 want: ~2.0.7
119 silly placeDep ROOT qs@6.11.0 OK for: express@4.18.2 want: 6.11.0
120 silly placeDep ROOT range-parser@1.2.1 OK for: express@4.18.2 want: ~1.2.1
121 silly placeDep ROOT safe-buffer@5.2.1 OK for: express@4.18.2 want: 5.2.1
122 silly placeDep ROOT send@0.18.0 OK for: express@4.18.2 want: 0.18.0
123 silly placeDep ROOT serve-static@1.15.0 OK for: express@4.18.2 want: 1.15.0
124 silly placeDep ROOT setprototypeof@1.2.0 OK for: express@4.18.2 want: 1.2.0
125 silly placeDep ROOT statuses@2.0.1 OK for: express@4.18.2 want: 2.0.1
126 silly placeDep ROOT type-is@1.6.18 OK for: express@4.18.2 want: ~1.6.18
127 silly placeDep ROOT utils-merge@1.0.1 OK for: express@4.18.2 want: 1.0.1
128 silly placeDep ROOT vary@1.1.2 OK for: express@4.18.2 want: ~1.1.2
129 silly fetch manifest mime-types@~2.1.34
130 silly fetch manifest negotiator@0.6.3
131 silly fetch manifest bytes@3.1.2
132 silly fetch manifest destroy@1.2.0
133 silly fetch manifest iconv-lite@0.4.24
134 silly fetch manifest raw-body@2.5.1
135 silly fetch manifest unpipe@1.0.0
136 silly fetch manifest ms@2.0.0
137 silly fetch manifest unpipe@~1.0.0
138 silly fetch manifest inherits@2.0.4
139 silly fetch manifest toidentifier@1.0.1
140 silly fetch manifest ee-first@1.1.1
141 silly fetch manifest forwarded@0.2.0
142 silly fetch manifest ipaddr.js@1.9.1
143 silly fetch manifest side-channel@^1.0.4
144 silly fetch manifest mime@1.6.0
145 silly fetch manifest ms@2.1.3
146 silly fetch manifest media-typer@0.3.0
147 silly fetch manifest mime-types@~2.1.24
148 http fetch GET 200 https://registry.npmjs.org/destroy 213ms (cache miss)
149 http fetch GET 200 https://registry.npmjs.org/bytes 249ms (cache miss)
150 http fetch GET 200 https://registry.npmjs.org/ee-first 263ms (cache miss)
151 http fetch GET 200 https://registry.npmjs.org/toidentifier 266ms (cache miss)
152 http fetch GET 200 https://registry.npmjs.org/ms 269ms (cache miss)
153 http fetch GET 200 https://registry.npmjs.org/inherits 269ms (cache miss)
154 http fetch GET 200 https://registry.npmjs.org/ipaddr.js 267ms (cache miss)
155 http fetch GET 200 https://registry.npmjs.org/unpipe 274ms (cache miss)
156 http fetch GET 200 https://registry.npmjs.org/side-channel 278ms (cache miss)
157 http fetch GET 200 https://registry.npmjs.org/mime-types 299ms (cache miss)
158 http fetch GET 200 https://registry.npmjs.org/raw-body 296ms (cache miss)
159 http fetch GET 200 https://registry.npmjs.org/negotiator 304ms (cache miss)
160 http fetch GET 200 https://registry.npmjs.org/forwarded 296ms (cache miss)
161 http fetch GET 200 https://registry.npmjs.org/mime 293ms (cache miss)
162 http fetch GET 200 https://registry.npmjs.org/media-typer 292ms (cache miss)
163 http fetch GET 200 https://registry.npmjs.org/iconv-lite 307ms (cache miss)
164 timing idealTree:node_modules/express Completed in 376ms
165 silly placeDep ROOT mime-types@2.1.35 OK for: accepts@1.3.8 want: ~2.1.34
166 silly placeDep ROOT negotiator@0.6.3 OK for: accepts@1.3.8 want: 0.6.3
167 silly fetch manifest mime-db@1.52.0
168 http fetch GET 200 https://registry.npmjs.org/mime-db 68ms (cache miss)
169 timing idealTree:node_modules/accepts Completed in 73ms
170 timing idealTree:node_modules/array-flatten Completed in 0ms
171 silly placeDep ROOT bytes@3.1.2 OK for: body-parser@1.20.1 want: 3.1.2
172 silly placeDep ROOT destroy@1.2.0 OK for: body-parser@1.20.1 want: 1.2.0
173 silly placeDep ROOT iconv-lite@0.4.24 OK for: body-parser@1.20.1 want: 0.4.24
174 silly placeDep ROOT raw-body@2.5.1 OK for: body-parser@1.20.1 want: 2.5.1
175 silly placeDep ROOT unpipe@1.0.0 OK for: body-parser@1.20.1 want: 1.0.0
176 silly fetch manifest safer-buffer@>= 2.1.2 < 3
177 http fetch GET 200 https://registry.npmjs.org/safer-buffer 42ms (cache miss)
178 timing idealTree:node_modules/body-parser Completed in 57ms
179 timing idealTree:node_modules/bytes Completed in 0ms
180 timing idealTree:node_modules/content-disposition Completed in 0ms
181 timing idealTree:node_modules/content-type Completed in 0ms
182 timing idealTree:node_modules/cookie Completed in 1ms
183 timing idealTree:node_modules/cookie-signature Completed in 0ms
184 silly placeDep ROOT ms@2.0.0 OK for: debug@2.6.9 want: 2.0.0
185 timing idealTree:node_modules/debug Completed in 5ms
186 timing idealTree:node_modules/depd Completed in 0ms
187 timing idealTree:node_modules/destroy Completed in 0ms
188 timing idealTree:node_modules/encodeurl Completed in 0ms
189 timing idealTree:node_modules/escape-html Completed in 0ms
190 timing idealTree:node_modules/etag Completed in 0ms
191 timing idealTree:node_modules/finalhandler Completed in 0ms
192 timing idealTree:node_modules/fresh Completed in 0ms
193 silly placeDep ROOT inherits@2.0.4 OK for: http-errors@2.0.0 want: 2.0.4
194 silly placeDep ROOT toidentifier@1.0.1 OK for: http-errors@2.0.0 want: 1.0.1
195 timing idealTree:node_modules/http-errors Completed in 6ms
196 silly placeDep ROOT safer-buffer@2.1.2 OK for: iconv-lite@0.4.24 want: >= 2.1.2 < 3
197 timing idealTree:node_modules/iconv-lite Completed in 1ms
198 timing idealTree:node_modules/inherits Completed in 0ms
199 timing idealTree:node_modules/merge-descriptors Completed in 0ms
200 timing idealTree:node_modules/methods Completed in 0ms
201 silly placeDep ROOT mime-db@1.52.0 OK for: mime-types@2.1.35 want: 1.52.0
202 timing idealTree:node_modules/mime-types Completed in 2ms
203 timing idealTree:node_modules/mime-db Completed in 0ms
204 timing idealTree:node_modules/ms Completed in 0ms
205 timing idealTree:node_modules/negotiator Completed in 0ms
206 silly placeDep ROOT ee-first@1.1.1 OK for: on-finished@2.4.1 want: 1.1.1
207 timing idealTree:node_modules/on-finished Completed in 1ms
208 timing idealTree:node_modules/ee-first Completed in 0ms
209 timing idealTree:node_modules/parseurl Completed in 0ms
210 timing idealTree:node_modules/path-to-regexp Completed in 0ms
211 silly placeDep ROOT forwarded@0.2.0 OK for: proxy-addr@2.0.7 want: 0.2.0
212 silly placeDep ROOT ipaddr.js@1.9.1 OK for: proxy-addr@2.0.7 want: 1.9.1
213 timing idealTree:node_modules/proxy-addr Completed in 2ms
214 timing idealTree:node_modules/forwarded Completed in 1ms
215 timing idealTree:node_modules/ipaddr.js Completed in 0ms
216 silly placeDep ROOT side-channel@1.0.4 OK for: qs@6.11.0 want: ^1.0.4
217 silly fetch manifest call-bind@^1.0.0
218 silly fetch manifest get-intrinsic@^1.0.2
219 silly fetch manifest object-inspect@^1.9.0
220 http fetch GET 200 https://registry.npmjs.org/call-bind 38ms (cache miss)
221 http fetch GET 200 https://registry.npmjs.org/get-intrinsic 47ms (cache miss)
222 http fetch GET 200 https://registry.npmjs.org/object-inspect 59ms (cache miss)
223 timing idealTree:node_modules/qs Completed in 64ms
224 timing idealTree:node_modules/range-parser Completed in 0ms
225 timing idealTree:node_modules/raw-body Completed in 0ms
226 timing idealTree:node_modules/safe-buffer Completed in 0ms
227 timing idealTree:node_modules/safer-buffer Completed in 0ms
228 silly placeDep ROOT mime@1.6.0 OK for: send@0.18.0 want: 1.6.0
229 silly placeDep node_modules/send ms@2.1.3 OK for: send@0.18.0 want: 2.1.3
230 timing idealTree:node_modules/send Completed in 4ms
231 timing idealTree:node_modules/mime Completed in 0ms
232 timing idealTree:node_modules/serve-static Completed in 0ms
233 timing idealTree:node_modules/setprototypeof Completed in 0ms
234 silly placeDep ROOT call-bind@1.0.2 OK for: side-channel@1.0.4 want: ^1.0.0
235 silly placeDep ROOT get-intrinsic@1.2.1 OK for: side-channel@1.0.4 want: ^1.0.2
236 silly placeDep ROOT object-inspect@1.12.3 OK for: side-channel@1.0.4 want: ^1.9.0
237 silly fetch manifest function-bind@^1.1.1
238 silly fetch manifest has@^1.0.3
239 silly fetch manifest has-proto@^1.0.1
240 silly fetch manifest has-symbols@^1.0.3
241 http fetch GET 200 https://registry.npmjs.org/has 46ms (cache miss)
242 http fetch GET 200 https://registry.npmjs.org/function-bind 49ms (cache miss)
243 http fetch GET 200 https://registry.npmjs.org/has-proto 61ms (cache miss)
244 http fetch GET 200 https://registry.npmjs.org/has-symbols 61ms (cache miss)
245 timing idealTree:node_modules/side-channel Completed in 95ms
246 silly placeDep ROOT function-bind@1.1.1 OK for: call-bind@1.0.2 want: ^1.1.1
247 timing idealTree:node_modules/call-bind Completed in 1ms
248 timing idealTree:node_modules/function-bind Completed in 0ms
249 silly placeDep ROOT has@1.0.3 OK for: get-intrinsic@1.2.1 want: ^1.0.3
250 silly placeDep ROOT has-proto@1.0.1 OK for: get-intrinsic@1.2.1 want: ^1.0.1
251 silly placeDep ROOT has-symbols@1.0.3 OK for: get-intrinsic@1.2.1 want: ^1.0.3
252 timing idealTree:node_modules/get-intrinsic Completed in 7ms
253 timing idealTree:node_modules/has Completed in 0ms
254 timing idealTree:node_modules/has-proto Completed in 0ms
255 timing idealTree:node_modules/has-symbols Completed in 0ms
256 timing idealTree:node_modules/object-inspect Completed in 0ms
257 timing idealTree:node_modules/statuses Completed in 0ms
258 timing idealTree:node_modules/toidentifier Completed in 0ms
259 silly placeDep ROOT media-typer@0.3.0 OK for: type-is@1.6.18 want: 0.3.0
260 timing idealTree:node_modules/type-is Completed in 1ms
261 timing idealTree:node_modules/media-typer Completed in 0ms
262 timing idealTree:node_modules/unpipe Completed in 0ms
263 timing idealTree:node_modules/utils-merge Completed in 0ms
264 timing idealTree:node_modules/vary Completed in 0ms
265 timing idealTree:node_modules/send/node_modules/ms Completed in 0ms
266 timing idealTree:buildDeps Completed in 1527ms
267 timing idealTree:fixDepFlags Completed in 1ms
268 timing idealTree Completed in 1570ms
269 timing reify:loadTrees Completed in 1581ms
270 timing reify:diffTrees Completed in 3ms
271 silly reify moves {}
272 timing reify:retireShallow Completed in 0ms
273 timing reify:createSparse Completed in 19ms
274 timing reify:loadBundles Completed in 0ms
275 silly audit bulk request {
275 silly audit   nodejs: [ '0.0.0' ],
275 silly audit   express: [ '4.18.2' ],
275 silly audit   accepts: [ '1.3.8' ],
275 silly audit   'array-flatten': [ '1.1.1' ],
275 silly audit   'body-parser': [ '1.20.1' ],
275 silly audit   'content-disposition': [ '0.5.4' ],
275 silly audit   'content-type': [ '1.0.5' ],
275 silly audit   cookie: [ '0.5.0' ],
275 silly audit   'cookie-signature': [ '1.0.6' ],
275 silly audit   debug: [ '2.6.9' ],
275 silly audit   depd: [ '2.0.0' ],
275 silly audit   encodeurl: [ '1.0.2' ],
275 silly audit   'escape-html': [ '1.0.3' ],
275 silly audit   etag: [ '1.8.1' ],
275 silly audit   finalhandler: [ '1.2.0' ],
275 silly audit   fresh: [ '0.5.2' ],
275 silly audit   'http-errors': [ '2.0.0' ],
275 silly audit   'merge-descriptors': [ '1.0.1' ],
275 silly audit   methods: [ '1.1.2' ],
275 silly audit   'on-finished': [ '2.4.1' ],
275 silly audit   parseurl: [ '1.3.3' ],
275 silly audit   'path-to-regexp': [ '0.1.7' ],
275 silly audit   'proxy-addr': [ '2.0.7' ],
275 silly audit   qs: [ '6.11.0' ],
275 silly audit   'range-parser': [ '1.2.1' ],
275 silly audit   'safe-buffer': [ '5.2.1' ],
275 silly audit   send: [ '0.18.0' ],
275 silly audit   'serve-static': [ '1.15.0' ],
275 silly audit   setprototypeof: [ '1.2.0' ],
275 silly audit   statuses: [ '2.0.1' ],
275 silly audit   'type-is': [ '1.6.18' ],
275 silly audit   'utils-merge': [ '1.0.1' ],
275 silly audit   vary: [ '1.1.2' ],
275 silly audit   'mime-types': [ '2.1.35' ],
275 silly audit   negotiator: [ '0.6.3' ],
275 silly audit   bytes: [ '3.1.2' ],
275 silly audit   destroy: [ '1.2.0' ],
275 silly audit   'iconv-lite': [ '0.4.24' ],
275 silly audit   'raw-body': [ '2.5.1' ],
275 silly audit   unpipe: [ '1.0.0' ],
275 silly audit   ms: [ '2.0.0', '2.1.3' ],
275 silly audit   inherits: [ '2.0.4' ],
275 silly audit   toidentifier: [ '1.0.1' ],
275 silly audit   'safer-buffer': [ '2.1.2' ],
275 silly audit   'mime-db': [ '1.52.0' ],
275 silly audit   'ee-first': [ '1.1.1' ],
275 silly audit   forwarded: [ '0.2.0' ],
275 silly audit   'ipaddr.js': [ '1.9.1' ],
275 silly audit   'side-channel': [ '1.0.4' ],
275 silly audit   mime: [ '1.6.0' ],
275 silly audit   'call-bind': [ '1.0.2' ],
275 silly audit   'get-intrinsic': [ '1.2.1' ],
275 silly audit   'object-inspect': [ '1.12.3' ],
275 silly audit   'function-bind': [ '1.1.1' ],
275 silly audit   has: [ '1.0.3' ],
275 silly audit   'has-proto': [ '1.0.1' ],
275 silly audit   'has-symbols': [ '1.0.3' ],
275 silly audit   'media-typer': [ '0.3.0' ]
275 silly audit }
276 silly tarball no local data for media-typer@https://registry.npmjs.org/media-typer/-/media-typer-0.3.0.tgz. Extracting by manifest.
277 silly tarball no local data for has-symbols@https://registry.npmjs.org/has-symbols/-/has-symbols-1.0.3.tgz. Extracting by manifest.
278 silly tarball no local data for has-proto@https://registry.npmjs.org/has-proto/-/has-proto-1.0.1.tgz. Extracting by manifest.
279 silly tarball no local data for has@https://registry.npmjs.org/has/-/has-1.0.3.tgz. Extracting by manifest.
280 silly tarball no local data for function-bind@https://registry.npmjs.org/function-bind/-/function-bind-1.1.1.tgz. Extracting by manifest.
281 silly tarball no local data for object-inspect@https://registry.npmjs.org/object-inspect/-/object-inspect-1.12.3.tgz. Extracting by manifest.
282 silly tarball no local data for get-intrinsic@https://registry.npmjs.org/get-intrinsic/-/get-intrinsic-1.2.1.tgz. Extracting by manifest.
283 silly tarball no local data for call-bind@https://registry.npmjs.org/call-bind/-/call-bind-1.0.2.tgz. Extracting by manifest.
284 silly tarball no local data for mime@https://registry.npmjs.org/mime/-/mime-1.6.0.tgz. Extracting by manifest.
285 silly tarball no local data for side-channel@https://registry.npmjs.org/side-channel/-/side-channel-1.0.4.tgz. Extracting by manifest.
286 silly tarball no local data for ipaddr.js@https://registry.npmjs.org/ipaddr.js/-/ipaddr.js-1.9.1.tgz. Extracting by manifest.
287 silly tarball no local data for forwarded@https://registry.npmjs.org/forwarded/-/forwarded-0.2.0.tgz. Extracting by manifest.
288 silly tarball no local data for ee-first@https://registry.npmjs.org/ee-first/-/ee-first-1.1.1.tgz. Extracting by manifest.
289 silly tarball no local data for mime-db@https://registry.npmjs.org/mime-db/-/mime-db-1.52.0.tgz. Extracting by manifest.
290 silly tarball no local data for safer-buffer@https://registry.npmjs.org/safer-buffer/-/safer-buffer-2.1.2.tgz. Extracting by manifest.
291 silly tarball no local data for toidentifier@https://registry.npmjs.org/toidentifier/-/toidentifier-1.0.1.tgz. Extracting by manifest.
292 silly tarball no local data for inherits@https://registry.npmjs.org/inherits/-/inherits-2.0.4.tgz. Extracting by manifest.
293 silly tarball no local data for ms@https://registry.npmjs.org/ms/-/ms-2.0.0.tgz. Extracting by manifest.
294 silly tarball no local data for unpipe@https://registry.npmjs.org/unpipe/-/unpipe-1.0.0.tgz. Extracting by manifest.
295 silly tarball no local data for raw-body@https://registry.npmjs.org/raw-body/-/raw-body-2.5.1.tgz. Extracting by manifest.
296 silly tarball no local data for iconv-lite@https://registry.npmjs.org/iconv-lite/-/iconv-lite-0.4.24.tgz. Extracting by manifest.
297 silly tarball no local data for destroy@https://registry.npmjs.org/destroy/-/destroy-1.2.0.tgz. Extracting by manifest.
298 silly tarball no local data for bytes@https://registry.npmjs.org/bytes/-/bytes-3.1.2.tgz. Extracting by manifest.
299 silly tarball no local data for negotiator@https://registry.npmjs.org/negotiator/-/negotiator-0.6.3.tgz. Extracting by manifest.
300 silly tarball no local data for mime-types@https://registry.npmjs.org/mime-types/-/mime-types-2.1.35.tgz. Extracting by manifest.
301 silly tarball no local data for vary@https://registry.npmjs.org/vary/-/vary-1.1.2.tgz. Extracting by manifest.
302 silly tarball no local data for utils-merge@https://registry.npmjs.org/utils-merge/-/utils-merge-1.0.1.tgz. Extracting by manifest.
303 silly tarball no local data for type-is@https://registry.npmjs.org/type-is/-/type-is-1.6.18.tgz. Extracting by manifest.
304 silly tarball no local data for statuses@https://registry.npmjs.org/statuses/-/statuses-2.0.1.tgz. Extracting by manifest.
305 silly tarball no local data for setprototypeof@https://registry.npmjs.org/setprototypeof/-/setprototypeof-1.2.0.tgz. Extracting by manifest.
306 silly tarball no local data for serve-static@https://registry.npmjs.org/serve-static/-/serve-static-1.15.0.tgz. Extracting by manifest.
307 silly tarball no local data for send@https://registry.npmjs.org/send/-/send-0.18.0.tgz. Extracting by manifest.
308 silly tarball no local data for safe-buffer@https://registry.npmjs.org/safe-buffer/-/safe-buffer-5.2.1.tgz. Extracting by manifest.
309 silly tarball no local data for range-parser@https://registry.npmjs.org/range-parser/-/range-parser-1.2.1.tgz. Extracting by manifest.
310 silly tarball no local data for qs@https://registry.npmjs.org/qs/-/qs-6.11.0.tgz. Extracting by manifest.
311 silly tarball no local data for proxy-addr@https://registry.npmjs.org/proxy-addr/-/proxy-addr-2.0.7.tgz. Extracting by manifest.
312 silly tarball no local data for path-to-regexp@https://registry.npmjs.org/path-to-regexp/-/path-to-regexp-0.1.7.tgz. Extracting by manifest.
313 silly tarball no local data for parseurl@https://registry.npmjs.org/parseurl/-/parseurl-1.3.3.tgz. Extracting by manifest.
314 silly tarball no local data for on-finished@https://registry.npmjs.org/on-finished/-/on-finished-2.4.1.tgz. Extracting by manifest.
315 silly tarball no local data for methods@https://registry.npmjs.org/methods/-/methods-1.1.2.tgz. Extracting by manifest.
316 silly tarball no local data for merge-descriptors@https://registry.npmjs.org/merge-descriptors/-/merge-descriptors-1.0.1.tgz. Extracting by manifest.
317 silly tarball no local data for http-errors@https://registry.npmjs.org/http-errors/-/http-errors-2.0.0.tgz. Extracting by manifest.
318 silly tarball no local data for fresh@https://registry.npmjs.org/fresh/-/fresh-0.5.2.tgz. Extracting by manifest.
319 silly tarball no local data for finalhandler@https://registry.npmjs.org/finalhandler/-/finalhandler-1.2.0.tgz. Extracting by manifest.
320 silly tarball no local data for etag@https://registry.npmjs.org/etag/-/etag-1.8.1.tgz. Extracting by manifest.
321 silly tarball no local data for escape-html@https://registry.npmjs.org/escape-html/-/escape-html-1.0.3.tgz. Extracting by manifest.
322 silly tarball no local data for encodeurl@https://registry.npmjs.org/encodeurl/-/encodeurl-1.0.2.tgz. Extracting by manifest.
323 silly tarball no local data for depd@https://registry.npmjs.org/depd/-/depd-2.0.0.tgz. Extracting by manifest.
324 silly tarball no local data for debug@https://registry.npmjs.org/debug/-/debug-2.6.9.tgz. Extracting by manifest.
325 silly tarball no local data for cookie-signature@https://registry.npmjs.org/cookie-signature/-/cookie-signature-1.0.6.tgz. Extracting by manifest.
326 silly tarball no local data for cookie@https://registry.npmjs.org/cookie/-/cookie-0.5.0.tgz. Extracting by manifest.
327 silly tarball no local data for content-type@https://registry.npmjs.org/content-type/-/content-type-1.0.5.tgz. Extracting by manifest.
328 silly tarball no local data for content-disposition@https://registry.npmjs.org/content-disposition/-/content-disposition-0.5.4.tgz. Extracting by manifest.
329 silly tarball no local data for body-parser@https://registry.npmjs.org/body-parser/-/body-parser-1.20.1.tgz. Extracting by manifest.
330 silly tarball no local data for array-flatten@https://registry.npmjs.org/array-flatten/-/array-flatten-1.1.1.tgz. Extracting by manifest.
331 silly tarball no local data for accepts@https://registry.npmjs.org/accepts/-/accepts-1.3.8.tgz. Extracting by manifest.
332 silly tarball no local data for express@https://registry.npmjs.org/express/-/express-4.18.2.tgz. Extracting by manifest.
333 silly tarball no local data for ms@https://registry.npmjs.org/ms/-/ms-2.1.3.tgz. Extracting by manifest.
334 http fetch POST 200 https://registry.npmjs.org/-/npm/v1/security/advisories/bulk 923ms
335 timing auditReport:getReport Completed in 926ms
336 silly audit report {}
337 timing auditReport:init Completed in 0ms
338 timing reify:audit Completed in 930ms
339 http fetch GET 200 https://registry.npmjs.org/has/-/has-1.0.3.tgz 1135ms (cache miss)
340 timing reifyNode:node_modules/has Completed in 1244ms
341 http fetch GET 200 https://registry.npmjs.org/get-intrinsic/-/get-intrinsic-1.2.1.tgz 1120ms (cache miss)
342 timing reifyNode:node_modules/get-intrinsic Completed in 1247ms
343 http fetch GET 200 https://registry.npmjs.org/toidentifier/-/toidentifier-1.0.1.tgz 1061ms (cache miss)
344 timing reifyNode:node_modules/toidentifier Completed in 1271ms
345 http fetch GET 200 https://registry.npmjs.org/has-proto/-/has-proto-1.0.1.tgz 1205ms (cache miss)
346 timing reifyNode:node_modules/has-proto Completed in 1300ms
347 http fetch GET 200 https://registry.npmjs.org/ee-first/-/ee-first-1.1.1.tgz 1114ms (cache miss)
348 timing reifyNode:node_modules/ee-first Completed in 1304ms
349 http fetch GET 200 https://registry.npmjs.org/forwarded/-/forwarded-0.2.0.tgz 1128ms (cache miss)
350 timing reifyNode:node_modules/forwarded Completed in 1316ms
351 http fetch GET 200 https://registry.npmjs.org/proxy-addr/-/proxy-addr-2.0.7.tgz 984ms (cache miss)
352 timing reifyNode:node_modules/proxy-addr Completed in 1320ms
353 http fetch GET 200 https://registry.npmjs.org/ms/-/ms-2.0.0.tgz 1114ms (cache miss)
354 timing reifyNode:node_modules/ms Completed in 1334ms
355 http fetch GET 200 https://registry.npmjs.org/inherits/-/inherits-2.0.4.tgz 1126ms (cache miss)
356 timing reifyNode:node_modules/inherits Completed in 1337ms
357 http fetch GET 200 https://registry.npmjs.org/unpipe/-/unpipe-1.0.0.tgz 1128ms (cache miss)
358 timing reifyNode:node_modules/unpipe Completed in 1351ms
359 http fetch GET 200 https://registry.npmjs.org/cookie-signature/-/cookie-signature-1.0.6.tgz 935ms (cache miss)
360 timing reifyNode:node_modules/cookie-signature Completed in 1354ms
361 http fetch GET 200 https://registry.npmjs.org/setprototypeof/-/setprototypeof-1.2.0.tgz 1082ms (cache miss)
362 timing reifyNode:node_modules/setprototypeof Completed in 1394ms
363 http fetch GET 200 https://registry.npmjs.org/destroy/-/destroy-1.2.0.tgz 1161ms (cache miss)
364 timing reifyNode:node_modules/destroy Completed in 1398ms
365 http fetch GET 200 https://registry.npmjs.org/vary/-/vary-1.1.2.tgz 1109ms (cache miss)
366 timing reifyNode:node_modules/vary Completed in 1403ms
367 http fetch GET 200 https://registry.npmjs.org/utils-merge/-/utils-merge-1.0.1.tgz 1109ms (cache miss)
368 timing reifyNode:node_modules/utils-merge Completed in 1406ms
369 http fetch GET 200 https://registry.npmjs.org/body-parser/-/body-parser-1.20.1.tgz 963ms (cache miss)
370 http fetch GET 200 https://registry.npmjs.org/path-to-regexp/-/path-to-regexp-0.1.7.tgz 1082ms (cache miss)
371 timing reifyNode:node_modules/path-to-regexp Completed in 1426ms
372 http fetch GET 200 https://registry.npmjs.org/methods/-/methods-1.1.2.tgz 1056ms (cache miss)
373 timing reifyNode:node_modules/methods Completed in 1430ms
374 http fetch GET 200 https://registry.npmjs.org/range-parser/-/range-parser-1.2.1.tgz 1104ms (cache miss)
375 timing reifyNode:node_modules/range-parser Completed in 1435ms
376 http fetch GET 200 https://registry.npmjs.org/ipaddr.js/-/ipaddr.js-1.9.1.tgz 1267ms (cache miss)
377 timing reifyNode:node_modules/ipaddr.js Completed in 1449ms
378 http fetch GET 200 https://registry.npmjs.org/safe-buffer/-/safe-buffer-5.2.1.tgz 1134ms (cache miss)
379 timing reifyNode:node_modules/safe-buffer Completed in 1459ms
380 http fetch GET 200 https://registry.npmjs.org/merge-descriptors/-/merge-descriptors-1.0.1.tgz 1083ms (cache miss)
381 timing reifyNode:node_modules/merge-descriptors Completed in 1461ms
382 http fetch GET 200 https://registry.npmjs.org/encodeurl/-/encodeurl-1.0.2.tgz 1055ms (cache miss)
383 timing reifyNode:node_modules/encodeurl Completed in 1464ms
384 http fetch GET 200 https://registry.npmjs.org/escape-html/-/escape-html-1.0.3.tgz 1069ms (cache miss)
385 timing reifyNode:node_modules/escape-html Completed in 1471ms
386 http fetch GET 200 https://registry.npmjs.org/raw-body/-/raw-body-2.5.1.tgz 1276ms (cache miss)
387 timing reifyNode:node_modules/raw-body Completed in 1508ms
388 http fetch GET 200 https://registry.npmjs.org/bytes/-/bytes-3.1.2.tgz 1265ms (cache miss)
389 timing reifyNode:node_modules/bytes Completed in 1510ms
390 http fetch GET 200 https://registry.npmjs.org/content-disposition/-/content-disposition-0.5.4.tgz 1062ms (cache miss)
391 timing reifyNode:node_modules/content-disposition Completed in 1513ms
392 http fetch GET 200 https://registry.npmjs.org/media-typer/-/media-typer-0.3.0.tgz 1437ms (cache miss)
393 timing reifyNode:node_modules/media-typer Completed in 1519ms
394 http fetch GET 200 https://registry.npmjs.org/http-errors/-/http-errors-2.0.0.tgz 1147ms (cache miss)
395 timing reifyNode:node_modules/http-errors Completed in 1529ms
396 http fetch GET 200 https://registry.npmjs.org/fresh/-/fresh-0.5.2.tgz 1144ms (cache miss)
397 timing reifyNode:node_modules/fresh Completed in 1531ms
398 http fetch GET 200 https://registry.npmjs.org/array-flatten/-/array-flatten-1.1.1.tgz 1079ms (cache miss)
399 timing reifyNode:node_modules/array-flatten Completed in 1536ms
400 http fetch GET 200 https://registry.npmjs.org/ms/-/ms-2.1.3.tgz 1067ms (cache miss)
401 timing reifyNode:node_modules/send/node_modules/ms Completed in 1543ms
402 http fetch GET 200 https://registry.npmjs.org/send/-/send-0.18.0.tgz 1233ms (cache miss)
403 timing reifyNode:node_modules/send Completed in 1550ms
404 http fetch GET 200 https://registry.npmjs.org/mime-types/-/mime-types-2.1.35.tgz 1273ms (cache miss)
405 timing reifyNode:node_modules/mime-types Completed in 1562ms
406 http fetch GET 200 https://registry.npmjs.org/type-is/-/type-is-1.6.18.tgz 1263ms (cache miss)
407 timing reifyNode:node_modules/type-is Completed in 1565ms
408 http fetch GET 200 https://registry.npmjs.org/finalhandler/-/finalhandler-1.2.0.tgz 1171ms (cache miss)
409 timing reifyNode:node_modules/finalhandler Completed in 1567ms
410 timing reifyNode:node_modules/body-parser Completed in 1581ms
411 http fetch GET 200 https://registry.npmjs.org/on-finished/-/on-finished-2.4.1.tgz 1233ms (cache miss)
412 timing reifyNode:node_modules/on-finished Completed in 1600ms
413 http fetch GET 200 https://registry.npmjs.org/accepts/-/accepts-1.3.8.tgz 1148ms (cache miss)
414 timing reifyNode:node_modules/accepts Completed in 1609ms
415 http fetch GET 200 https://registry.npmjs.org/side-channel/-/side-channel-1.0.4.tgz 1445ms (cache miss)
416 timing reifyNode:node_modules/side-channel Completed in 1615ms
417 http fetch GET 200 https://registry.npmjs.org/statuses/-/statuses-2.0.1.tgz 1312ms (cache miss)
418 timing reifyNode:node_modules/statuses Completed in 1617ms
419 http fetch GET 200 https://registry.npmjs.org/serve-static/-/serve-static-1.15.0.tgz 1323ms (cache miss)
420 timing reifyNode:node_modules/serve-static Completed in 1637ms
421 http fetch GET 200 https://registry.npmjs.org/content-type/-/content-type-1.0.5.tgz 1217ms (cache miss)
422 timing reifyNode:node_modules/content-type Completed in 1648ms
423 http fetch GET 200 https://registry.npmjs.org/function-bind/-/function-bind-1.1.1.tgz 1544ms (cache miss)
424 timing reifyNode:node_modules/function-bind Completed in 1654ms
425 http fetch GET 200 https://registry.npmjs.org/parseurl/-/parseurl-1.3.3.tgz 1312ms (cache miss)
426 timing reifyNode:node_modules/parseurl Completed in 1659ms
427 http fetch GET 200 https://registry.npmjs.org/etag/-/etag-1.8.1.tgz 1267ms (cache miss)
428 timing reifyNode:node_modules/etag Completed in 1667ms
429 http fetch GET 200 https://registry.npmjs.org/cookie/-/cookie-0.5.0.tgz 1251ms (cache miss)
430 timing reifyNode:node_modules/cookie Completed in 1678ms
431 http fetch GET 200 https://registry.npmjs.org/safer-buffer/-/safer-buffer-2.1.2.tgz 1479ms (cache miss)
432 timing reifyNode:node_modules/safer-buffer Completed in 1684ms
433 http fetch GET 200 https://registry.npmjs.org/call-bind/-/call-bind-1.0.2.tgz 1577ms (cache miss)
434 timing reifyNode:node_modules/call-bind Completed in 1717ms
435 http fetch GET 200 https://registry.npmjs.org/negotiator/-/negotiator-0.6.3.tgz 1452ms (cache miss)
436 timing reifyNode:node_modules/negotiator Completed in 1724ms
437 http fetch GET 200 https://registry.npmjs.org/depd/-/depd-2.0.0.tgz 1313ms (cache miss)
438 timing reifyNode:node_modules/depd Completed in 1728ms
439 http fetch GET 200 https://registry.npmjs.org/has-symbols/-/has-symbols-1.0.3.tgz 1646ms (cache miss)
440 timing reifyNode:node_modules/has-symbols Completed in 1734ms
441 http fetch GET 200 https://registry.npmjs.org/mime/-/mime-1.6.0.tgz 1617ms (cache miss)
442 timing reifyNode:node_modules/mime Completed in 1761ms
443 http fetch GET 200 https://registry.npmjs.org/mime-db/-/mime-db-1.52.0.tgz 1571ms (cache miss)
444 timing reifyNode:node_modules/mime-db Completed in 1768ms
445 http fetch GET 200 https://registry.npmjs.org/debug/-/debug-2.6.9.tgz 1352ms (cache miss)
446 timing reifyNode:node_modules/debug Completed in 1769ms
447 http fetch GET 200 https://registry.npmjs.org/qs/-/qs-6.11.0.tgz 1447ms (cache miss)
448 timing reifyNode:node_modules/qs Completed in 1780ms
449 http fetch GET 200 https://registry.npmjs.org/object-inspect/-/object-inspect-1.12.3.tgz 1668ms (cache miss)
450 timing reifyNode:node_modules/object-inspect Completed in 1789ms
451 http fetch GET 200 https://registry.npmjs.org/express/-/express-4.18.2.tgz 1331ms (cache miss)
452 timing reifyNode:node_modules/express Completed in 1798ms
453 http fetch GET 200 https://registry.npmjs.org/iconv-lite/-/iconv-lite-0.4.24.tgz 1597ms (cache miss)
454 timing reifyNode:node_modules/iconv-lite Completed in 1832ms
455 timing reify:unpack Completed in 1833ms
456 timing reify:unretire Completed in 0ms
457 timing build:queue Completed in 2ms
458 timing build:link:node_modules/mime Completed in 3ms
459 timing build:link Completed in 3ms
460 timing build:deps Completed in 6ms
461 timing build Completed in 6ms
462 timing reify:build Completed in 7ms
463 timing reify:trash Completed in 0ms
464 timing reify:save Completed in 30ms
465 timing reify Completed in 3547ms
466 silly ADD node_modules/media-typer
467 silly ADD node_modules/has-symbols
468 silly ADD node_modules/has-proto
469 silly ADD node_modules/has
470 silly ADD node_modules/function-bind
471 silly ADD node_modules/object-inspect
472 silly ADD node_modules/get-intrinsic
473 silly ADD node_modules/call-bind
474 silly ADD node_modules/mime
475 silly ADD node_modules/side-channel
476 silly ADD node_modules/ipaddr.js
477 silly ADD node_modules/forwarded
478 silly ADD node_modules/ee-first
479 silly ADD node_modules/mime-db
480 silly ADD node_modules/safer-buffer
481 silly ADD node_modules/toidentifier
482 silly ADD node_modules/inherits
483 silly ADD node_modules/ms
484 silly ADD node_modules/unpipe
485 silly ADD node_modules/raw-body
486 silly ADD node_modules/iconv-lite
487 silly ADD node_modules/destroy
488 silly ADD node_modules/bytes
489 silly ADD node_modules/negotiator
490 silly ADD node_modules/mime-types
491 silly ADD node_modules/vary
492 silly ADD node_modules/utils-merge
493 silly ADD node_modules/type-is
494 silly ADD node_modules/statuses
495 silly ADD node_modules/setprototypeof
496 silly ADD node_modules/serve-static
497 silly ADD node_modules/send
498 silly ADD node_modules/send/node_modules/ms
499 silly ADD node_modules/safe-buffer
500 silly ADD node_modules/range-parser
501 silly ADD node_modules/qs
502 silly ADD node_modules/proxy-addr
503 silly ADD node_modules/path-to-regexp
504 silly ADD node_modules/parseurl
505 silly ADD node_modules/on-finished
506 silly ADD node_modules/methods
507 silly ADD node_modules/merge-descriptors
508 silly ADD node_modules/http-errors
509 silly ADD node_modules/fresh
510 silly ADD node_modules/finalhandler
511 silly ADD node_modules/etag
512 silly ADD node_modules/escape-html
513 silly ADD node_modules/encodeurl
514 silly ADD node_modules/depd
515 silly ADD node_modules/debug
516 silly ADD node_modules/cookie-signature
517 silly ADD node_modules/cookie
518 silly ADD node_modules/content-type
519 silly ADD node_modules/content-disposition
520 silly ADD node_modules/body-parser
521 silly ADD node_modules/array-flatten
522 silly ADD node_modules/accepts
523 silly ADD node_modules/express
524 timing command:install Completed in 3561ms
525 verbose exit 0
526 timing npm Completed in 3783ms
527 info ok
